--- ผลรันจริงจาก career_plan_agents_classic (output/career_plan_report.md) ---

Final Report: Career Analysis, Qualification Gap Analysis, Self-Assessment Suggestions, and Individual Development Plan

Learner Profile Analysis
Student Information:
The student is currently pursuing a degree in Computer Science with basic skills in Python, HTML, JavaScript, and databases. They are interested in becoming a Software Developer but require improvement in real-world project experience, teamwork, Git/GitHub, and system design.

Strengths:
Foundational Skills: The student has acquired basic skills in programming languages such as Python, HTML, and JavaScript, which provides a solid foundation for further learning.
Database Knowledge: Their understanding of databases is an essential skill for any Software Developer, allowing them to effectively store and retrieve data.
Problem-Solving Ability: As a Computer Science student, they have likely developed strong problem-solving skills, which are crucial for overcoming the challenges that arise during software development.

Weaknesses:
Lack of Real-World Project Experience: The student lacks hands-on experience in developing real-world projects, which is essential for Software Developers to demonstrate their skills and adaptability.
Teamwork and Collaboration: While they may have experience working on group projects or assignments, they require further development in teamwork and collaboration skills to effectively work with others in a software development environment.
Git/GitHub Familiarity: The student needs to improve their understanding of version control systems like Git and GitHub, which are essential tools for Software Developers to manage code repositories and collaborate with teams.
System Design: They require further education on system design principles, including architecture, scalability, and performance considerations, to effectively design and develop software systems.

Career Readiness Issues:
Practical Experience: The student needs to gain practical experience in developing real-world projects to demonstrate their skills and adaptability as a Software Developer.
Soft Skills Development: They require further development of soft skills such as teamwork, communication, and time management to effectively work with others in a software development environment.
Continuous Learning: As technology advances rapidly, the student must commit to continuous learning and professional development to stay up-to-date with industry trends and best practices.

Recommendations:
Participate in Coding Challenges: The student should participate in coding challenges and hackathons to gain practical experience in developing real-world projects.
Join Online Communities: They should join online communities, forums, or social media groups focused on software development to network with professionals, learn from their experiences, and stay updated on industry trends.
Take Online Courses: The student can take online courses or tutorials to improve their skills in Git/GitHub, system design, and other areas relevant to Software Development.

Gap Analysis Table
Required Qualifications | Current Level | Target Level | Gap Level | Priority
Programming in Python or JavaScript | 3/5 | 4-5/5 | Medium-High | High
Database Knowledge | 2/5 | 4-5/5 | Low-Medium | Medium
Git/GitHub | 1/5 | 4-5/5 | High | High
Web Application Development | N/A | 3-5/5 | High | High
SDLC Understanding | N/A | 3-5/5 | High | High
Problem-Solving | 3/5 | 4-5/5 | Low-Medium | Medium
Basic System Design | 1/5 | 3-5/5 | High | High
Teamwork | 3/5 | 4-5/5 | Low-Medium | Medium
Communication | 3/5 | 4-5/5 | Low-Medium | Medium
Real-World Project Development Skills | N/A | 3-5/5 | High | High

Notes:
The current level is based on the learner's self-assessment.
The target level represents the required qualifications for a Software Developer, which are generally considered to be 4-5/5.
The gap level indicates the distance between the current and target levels, with Low being less than 1 point, Medium being 1-2 points, and High being more than 2 points.
Priority is based on the importance of each skill for a Software Developer, with High indicating high priority.

Recommendations:
Based on this gap analysis, I recommend that the learner focus on improving their skills in:
Programming languages (Python or JavaScript) to reach a target level of 4-5/5.
Git/GitHub and web application development to reach a target level of 4-5/5.
SDLC understanding and system design principles to reach a target level of 3-5/5.
Real-world project development skills, including teamwork and communication, to reach a target level of 3-5/5.

Individual Career Development Plan
Development Goals:
Improve programming skills in Python or JavaScript to reach a target level of 4-5/5.
Develop proficiency in Git/GitHub and web application development to reach a target level of 4-5/5.
Enhance understanding of SDLC and system design principles to reach a target level of 3-5/5.
Gain practical experience in real-world project development, including teamwork and communication, to reach a target level of 3-5/5.

Activities:
Complete online courses or tutorials on Python or JavaScript programming languages to improve skills.
Participate in coding challenges and hackathons to gain hands-on experience in developing real-world projects.
Join online communities, forums, or social media groups focused on software development to network with professionals and learn from their experiences.
Take online courses or tutorials on Git/GitHub, web application development, SDLC understanding, and system design principles to improve skills.
Collaborate with peers or mentors on real-world projects to develop teamwork and communication skills.

Learning Channels:
Online courses or tutorials
Coding challenges and hackathons
Online communities, forums, or social media groups
Mentorship or peer collaboration

Timeline:
Quarter 1 (Months 1-3):
Complete online courses or tutorials on Python or JavaScript programming languages.
Participate in coding challenges and hackathons to gain hands-on experience.

Quarter 2 (Months 4-6):
Take online courses or tutorials on Git/GitHub, web application development, SDLC understanding, and system design principles.
Collaborate with peers or mentors on real-world projects to develop teamwork and communication skills.

Evidence:
Completion certificates for online courses or tutorials.
Screenshots of coding challenges and hackathons participation.
Testimonials from peers or mentors regarding collaboration on real-world projects.
A portfolio of developed projects showcasing skills and progress.

Expected Outcomes:
Improved programming skills in Python or JavaScript, reaching a target level of 4-5/5.
Developed proficiency in Git/GitHub and web application development, reaching a target level of 4-5/5.
Enhanced understanding of SDLC and system design principles, reaching a target level of 3-5/5.
Gained practical experience in real-world project development, including teamwork and communication, to reach a target level of 3-5/5.

By following this individual career development plan, the learner will be well-prepared for a successful career as a Software Developer.